LINK : warning LNK4098: 默认库“LIBCMT”与其他库的使用冲突；请使用 /NODEFAULTLIB:library
LINK : warning LNK4098: 默认库“MSVCRTD”与其他库的使用冲突；请使用 /NODEFAULTLIB:library
  正在生成代码
  2 of 1340 functions ( 0.1%) were compiled, the rest were copied from previous compilation.
    0 functions were new in current compilation
    15 functions had inline decision re-evaluated but remain unchanged
  已完成代码的生成
glew32s.lib(glew.obj) : warning LNK4099: 未找到 PDB“vc120.pdb”(使用“glew32s.lib(glew.obj)”或在“C:\Users\Administrator\Desktop\valorant (1)\x64\Release\vc120.pdb”中寻找)；正在链接对象，如同没有调试信息一样
glfw3.lib(context.obj) : warning LNK4099: 未找到 PDB“glfw3.pdb”(使用“glfw3.lib(context.obj)”或在“C:\Users\Administrator\Desktop\valorant (1)\x64\Release\glfw3.pdb”中寻找)；正在链接对象，如同没有调试信息一样
glfw3.lib(init.obj) : warning LNK4099: 未找到 PDB“glfw3.pdb”(使用“glfw3.lib(init.obj)”或在“C:\Users\Administrator\Desktop\valorant (1)\x64\Release\glfw3.pdb”中寻找)；正在链接对象，如同没有调试信息一样
glfw3.lib(input.obj) : warning LNK4099: 未找到 PDB“glfw3.pdb”(使用“glfw3.lib(input.obj)”或在“C:\Users\Administrator\Desktop\valorant (1)\x64\Release\glfw3.pdb”中寻找)；正在链接对象，如同没有调试信息一样
glfw3.lib(monitor.obj) : warning LNK4099: 未找到 PDB“glfw3.pdb”(使用“glfw3.lib(monitor.obj)”或在“C:\Users\Administrator\Desktop\valorant (1)\x64\Release\glfw3.pdb”中寻找)；正在链接对象，如同没有调试信息一样
glfw3.lib(vulkan.obj) : warning LNK4099: 未找到 PDB“glfw3.pdb”(使用“glfw3.lib(vulkan.obj)”或在“C:\Users\Administrator\Desktop\valorant (1)\x64\Release\glfw3.pdb”中寻找)；正在链接对象，如同没有调试信息一样
glfw3.lib(window.obj) : warning LNK4099: 未找到 PDB“glfw3.pdb”(使用“glfw3.lib(window.obj)”或在“C:\Users\Administrator\Desktop\valorant (1)\x64\Release\glfw3.pdb”中寻找)；正在链接对象，如同没有调试信息一样
glfw3.lib(win32_init.obj) : warning LNK4099: 未找到 PDB“glfw3.pdb”(使用“glfw3.lib(win32_init.obj)”或在“C:\Users\Administrator\Desktop\valorant (1)\x64\Release\glfw3.pdb”中寻找)；正在链接对象，如同没有调试信息一样
glfw3.lib(win32_joystick.obj) : warning LNK4099: 未找到 PDB“glfw3.pdb”(使用“glfw3.lib(win32_joystick.obj)”或在“C:\Users\Administrator\Desktop\valorant (1)\x64\Release\glfw3.pdb”中寻找)；正在链接对象，如同没有调试信息一样
glfw3.lib(win32_monitor.obj) : warning LNK4099: 未找到 PDB“glfw3.pdb”(使用“glfw3.lib(win32_monitor.obj)”或在“C:\Users\Administrator\Desktop\valorant (1)\x64\Release\glfw3.pdb”中寻找)；正在链接对象，如同没有调试信息一样
glfw3.lib(win32_time.obj) : warning LNK4099: 未找到 PDB“glfw3.pdb”(使用“glfw3.lib(win32_time.obj)”或在“C:\Users\Administrator\Desktop\valorant (1)\x64\Release\glfw3.pdb”中寻找)；正在链接对象，如同没有调试信息一样
glfw3.lib(win32_thread.obj) : warning LNK4099: 未找到 PDB“glfw3.pdb”(使用“glfw3.lib(win32_thread.obj)”或在“C:\Users\Administrator\Desktop\valorant (1)\x64\Release\glfw3.pdb”中寻找)；正在链接对象，如同没有调试信息一样
glfw3.lib(win32_window.obj) : warning LNK4099: 未找到 PDB“glfw3.pdb”(使用“glfw3.lib(win32_window.obj)”或在“C:\Users\Administrator\Desktop\valorant (1)\x64\Release\glfw3.pdb”中寻找)；正在链接对象，如同没有调试信息一样
glfw3.lib(wgl_context.obj) : warning LNK4099: 未找到 PDB“glfw3.pdb”(使用“glfw3.lib(wgl_context.obj)”或在“C:\Users\Administrator\Desktop\valorant (1)\x64\Release\glfw3.pdb”中寻找)；正在链接对象，如同没有调试信息一样
glfw3.lib(egl_context.obj) : warning LNK4099: 未找到 PDB“glfw3.pdb”(使用“glfw3.lib(egl_context.obj)”或在“C:\Users\Administrator\Desktop\valorant (1)\x64\Release\glfw3.pdb”中寻找)；正在链接对象，如同没有调试信息一样
glfw3.lib(osmesa_context.obj) : warning LNK4099: 未找到 PDB“glfw3.pdb”(使用“glfw3.lib(osmesa_context.obj)”或在“C:\Users\Administrator\Desktop\valorant (1)\x64\Release\glfw3.pdb”中寻找)；正在链接对象，如同没有调试信息一样
  vexternal.vcxproj -> C:\Users\Administrator\Desktop\valorant (1)\x64\Release\vexternal.exe
