c:\users\administrator\desktop\valorant (1)\vexternal\x64\release\vc142.pdb
c:\users\administrator\desktop\valorant (1)\vexternal\x64\release\vexternal.obj
c:\users\administrator\desktop\valorant (1)\vexternal\x64\release\sandy64.obj
c:\users\administrator\desktop\valorant (1)\vexternal\x64\release\imgui_widgets.obj
c:\users\administrator\desktop\valorant (1)\vexternal\x64\release\imgui_tables.obj
c:\users\administrator\desktop\valorant (1)\vexternal\x64\release\imgui_impl_opengl3.obj
c:\users\administrator\desktop\valorant (1)\vexternal\x64\release\imgui_impl_glfw.obj
c:\users\administrator\desktop\valorant (1)\vexternal\x64\release\imgui_draw.obj
c:\users\administrator\desktop\valorant (1)\vexternal\x64\release\imgui_demo.obj
c:\users\administrator\desktop\valorant (1)\vexternal\x64\release\imgui.obj
c:\users\administrator\desktop\valorant (1)\x64\release\vexternal.exe
c:\users\administrator\desktop\valorant (1)\vexternal\x64\release\vexternal.ipdb
c:\users\administrator\desktop\valorant (1)\vexternal\x64\release\vexternal.iobj
c:\users\administrator\desktop\valorant (1)\x64\release\vexternal.pdb
c:\users\administrator\desktop\valorant (1)\vexternal\x64\release\vexternal.tlog\cl.command.1.tlog
c:\users\administrator\desktop\valorant (1)\vexternal\x64\release\vexternal.tlog\cl.read.1.tlog
c:\users\administrator\desktop\valorant (1)\vexternal\x64\release\vexternal.tlog\cl.write.1.tlog
c:\users\administrator\desktop\valorant (1)\vexternal\x64\release\vexternal.tlog\link.command.1.tlog
c:\users\administrator\desktop\valorant (1)\vexternal\x64\release\vexternal.tlog\link.read.1.tlog
c:\users\administrator\desktop\valorant (1)\vexternal\x64\release\vexternal.tlog\link.write.1.tlog
